<!DOCTYPE html PUBLIC "-//W3C//DTD XHTML 1.1//EN" "http://www.w3.org/TR/xhtml11/DTD/xhtml11.dtd">
<html xmlns="http://www.w3.org/1999/xhtml">
<head>
<meta http-equiv="content-type" content="text/html; charset=UTF-8"/>
<title>TestNG Report</title>
<style type="text/css">table {margin-bottom:10px;border-collapse:collapse;empty-cells:show}th,td {border:1px solid #009;padding:.25em .5em}th {vertical-align:bottom}td {vertical-align:top}table a {font-weight:bold}.stripe td {background-color: #E6EBF9}.num {text-align:right}.passedodd td {background-color: #3F3}.passedeven td {background-color: #0A0}.skippedodd td {background-color: #DDD}.skippedeven td {background-color: #CCC}.failedodd td,.attn {background-color: #F33}.failedeven td,.stripe .attn {background-color: #D00}.stacktrace {white-space:pre;font-family:monospace}.totop {font-size:85%;text-align:center;border-bottom:2px solid #000}.invisible {display:none}</style>
</head>
<body>
<table>
<tr><th>Test</th><th># Passed</th><th># Skipped</th><th># Failed</th><th>Time (ms)</th><th>Included Groups</th><th>Excluded Groups</th></tr>
<tr><th colspan="7">Mobile Site Survey Test Automation</th></tr>
<tr><td><a href="#t0">Answer in VbMobile and Link the Survey in Mobile SiteSurvey Run:1</a></td><td class="num">4</td><td class="num">0</td><td class="num">0</td><td class="num">236,327</td><td></td><td></td></tr>
<tr class="stripe"><td><a href="#t1">Answer in VbMobile and Link the Survey in Mobile SiteSurvey Run:2</a></td><td class="num">0</td><td class="num attn">3</td><td class="num attn">1</td><td class="num">28,560</td><td></td><td></td></tr>
<tr><th>Total</th><th class="num">4</th><th class="num attn">3</th><th class="num attn">1</th><th class="num">264,887</th><th colspan="2"></th></tr>
</table>
<table id='summary'><thead><tr><th>Class</th><th>Method</th><th>Start</th><th>Time (ms)</th></tr></thead><tbody><tr><th colspan="4">Mobile Site Survey Test Automation</th></tr></tbody><tbody id="t0"><tr><th colspan="4">Answer in VbMobile and Link the Survey in Mobile SiteSurvey Run:1 &#8212; passed</th></tr><tr class="passedeven"><td rowspan="2">com.kone.app.tests.testcases.salesforce.SalesforceSurveytoLinkOpportunity</td><td><a href="#m0">loginSalesForce</a></td><td rowspan="1">1533802991917</td><td rowspan="1">83981</td></tr><tr class="passedeven"><td><a href="#m1">loginSiteSurvey</a></td><td rowspan="1">1533803075900</td><td rowspan="1">26117</td></tr><tr class="passedodd"><td rowspan="1">com.kone.app.tests.testcases.vbmobile.VbmobileAuthenticationTests</td><td><a href="#m2">loginTest</a></td><td rowspan="1">1533802875892</td><td rowspan="1">25190</td></tr><tr class="passedeven"><td rowspan="1">com.kone.app.tests.testcases.vbmobile.VbmobileSurveytoLinkOpportunity</td><td><a href="#m3">answerSurveyTest</a></td><td rowspan="1">1533802901118</td><td rowspan="1">90796</td></tr></tbody>
<tbody id="t1"><tr><th colspan="4">Answer in VbMobile and Link the Survey in Mobile SiteSurvey Run:2 &#8212; failed (configuration methods)</th></tr><tr class="failedeven"><td rowspan="1">com.kone.app.tests.testcases.salesforce.SalesforceSurveytoLinkOpportunity</td><td><a href="#m4">logoutApplication</a></td><td rowspan="1">1533803139599</td><td rowspan="1">35</td></tr><tr><th colspan="4">Answer in VbMobile and Link the Survey in Mobile SiteSurvey Run:2 &#8212; failed</th></tr><tr class="failedeven"><td rowspan="1">com.kone.app.tests.testcases.vbmobile.VbmobileAuthenticationTests</td><td><a href="#m5">loginTest</a></td><td rowspan="1">1533803112418</td><td rowspan="1">25072</td></tr><tr><th colspan="4">Answer in VbMobile and Link the Survey in Mobile SiteSurvey Run:2 &#8212; skipped</th></tr><tr class="skippedeven"><td rowspan="2">com.kone.app.tests.testcases.salesforce.SalesforceSurveytoLinkOpportunity</td><td><a href="#m6">loginSalesForce</a></td><td rowspan="1">1533803139566</td><td rowspan="1">0</td></tr><tr class="skippedeven"><td><a href="#m7">loginSiteSurvey</a></td><td rowspan="1">1533803139589</td><td rowspan="1">0</td></tr><tr class="skippedodd"><td rowspan="1">com.kone.app.tests.testcases.vbmobile.VbmobileSurveytoLinkOpportunity</td><td><a href="#m8">answerSurveyTest</a></td><td rowspan="1">1533803139538</td><td rowspan="1">0</td></tr></tbody>
</table>
<h2>Answer in VbMobile and Link the Survey in Mobile SiteSurvey Run:1</h2><h3 id="m0">com.kone.app.tests.testcases.salesforce.SalesforceSurveytoLinkOpportunity#loginSalesForce</h3><table class="result"><tr class="param"><th>Parameter #1</th></tr><tr class="param stripe"><td>Survey Manager</td></tr></table><p class="totop"><a href="#summary">back to summary</a></p>
<h3 id="m1">com.kone.app.tests.testcases.salesforce.SalesforceSurveytoLinkOpportunity#loginSiteSurvey</h3><table class="result"><tr class="param"><th>Parameter #1</th></tr><tr class="param stripe"><td>Survey Manager</td></tr></table><p class="totop"><a href="#summary">back to summary</a></p>
<h3 id="m2">com.kone.app.tests.testcases.vbmobile.VbmobileAuthenticationTests#loginTest</h3><table class="result"><tr><th class="invisible"/></tr></table><p class="totop"><a href="#summary">back to summary</a></p>
<h3 id="m3">com.kone.app.tests.testcases.vbmobile.VbmobileSurveytoLinkOpportunity#answerSurveyTest</h3><table class="result"><tr class="param"><th>Parameter #1</th><th>Parameter #2</th></tr><tr class="param stripe"><td>Survey Manager</td><td>FRB Budget</td></tr></table><p class="totop"><a href="#summary">back to summary</a></p>
<h2>Answer in VbMobile and Link the Survey in Mobile SiteSurvey Run:2</h2><h3 id="m4">com.kone.app.tests.testcases.salesforce.SalesforceSurveytoLinkOpportunity#logoutApplication</h3><table class="result"><tr><th>Exception</th></tr><tr><td><div class="stacktrace">org.openqa.selenium.NoSuchElementException: no such element: Unable to locate element: {&quot;method&quot;:&quot;xpath&quot;,&quot;selector&quot;:&quot;//*[@id=&apos;globalHeaderNameMink&apos;]/*[@class=&apos;zen-selectArrow&apos;]&quot;}
  (Session info: chrome=68.0.3440.84)
  (Driver info: chromedriver=2.40.565498 (ea082db3280dd6843ebfb08a625e3eb905c4f5ab),platform=Windows NT 6.1.7601 SP1 x86_64) (WARNING: The server did not provide any stacktrace information)
Command duration or timeout: 0 milliseconds
For documentation on this error, please visit: http://seleniumhq.org/exceptions/no_such_element.html
Build info: version: &apos;3.12.0&apos;, revision: &apos;7c6e0b3&apos;, time: &apos;2018-05-08T14:04:26.12Z&apos;
System info: host: &apos;5CG71660NZ&apos;, ip: &apos;10.114.127.235&apos;, os.name: &apos;Windows 7&apos;, os.arch: &apos;amd64&apos;, os.version: &apos;6.1&apos;, java.version: &apos;1.8.0_144&apos;
Driver info: org.openqa.selenium.chrome.ChromeDriver
Capabilities {acceptInsecureCerts: false, acceptSslCerts: false, applicationCacheEnabled: false, browserConnectionEnabled: false, browserName: chrome, chrome: {chromedriverVersion: 2.40.565498 (ea082db3280dd6..., userDataDir: C:\Users\CON_SV~1\AppData\L...}, cssSelectorsEnabled: true, databaseEnabled: false, handlesAlerts: true, hasTouchScreen: false, javascriptEnabled: true, locationContextEnabled: true, mobileEmulationEnabled: false, nativeEvents: true, networkConnectionEnabled: false, pageLoadStrategy: normal, platform: XP, platformName: XP, rotatable: false, setWindowRect: true, takesHeapSnapshot: true, takesScreenshot: true, unexpectedAlertBehaviour: , unhandledPromptBehavior: , version: 68.0.3440.84, webStorageEnabled: true}
Session ID: 5b56c1fc999628ac7146e8580e4cfc9f
*** Element info: {Using=xpath, value=//*[@id=&apos;globalHeaderNameMink&apos;]/*[@class=&apos;zen-selectArrow&apos;]}
	at org.openqa.selenium.remote.ErrorHandler.createThrowable(ErrorHandler.java:214)
	at org.openqa.selenium.remote.ErrorHandler.throwIfResponseFailed(ErrorHandler.java:166)
	at org.openqa.selenium.remote.http.JsonHttpResponseCodec.reconstructValue(JsonHttpResponseCodec.java:40)
	at org.openqa.selenium.remote.http.AbstractHttpResponseCodec.decode(AbstractHttpResponseCodec.java:80)
	at org.openqa.selenium.remote.http.AbstractHttpResponseCodec.decode(AbstractHttpResponseCodec.java:44)
	at org.openqa.selenium.remote.HttpCommandExecutor.execute(HttpCommandExecutor.java:158)
	at org.openqa.selenium.remote.service.DriverCommandExecutor.execute(DriverCommandExecutor.java:83)
	at org.openqa.selenium.remote.RemoteWebDriver.execute(RemoteWebDriver.java:543)
	at org.openqa.selenium.remote.RemoteWebDriver.findElement(RemoteWebDriver.java:317)
	at org.openqa.selenium.remote.RemoteWebDriver.findElementByXPath(RemoteWebDriver.java:419)
	at org.openqa.selenium.By$ByXPath.findElement(By.java:353)
	at org.openqa.selenium.remote.RemoteWebDriver.findElement(RemoteWebDriver.java:309)
	at com.kone.app.tests.testcases.SalesforceBaseTest.logoutApplication(SalesforceBaseTest.java:69)
... Removed 28 stack frames</div></td></tr></table><p class="totop"><a href="#summary">back to summary</a></p>
<h3 id="m5">com.kone.app.tests.testcases.vbmobile.VbmobileAuthenticationTests#loginTest</h3><table class="result"><tr><th>Exception</th></tr><tr><td><div class="stacktrace">org.openqa.selenium.TimeoutException: Expected condition failed: waiting for visibility of element located by By.xpath: //*[contains(text(), &apos;Downloading&apos;)] (tried for 20 second(s) with 500 milliseconds interval)
	at org.openqa.selenium.support.ui.WebDriverWait.timeoutException(WebDriverWait.java:81)
	at org.openqa.selenium.support.ui.FluentWait.until(FluentWait.java:271)
	at com.kone.app.pages.PhoneBasePage.waitForElementPresent(PhoneBasePage.java:211)
	at com.kone.app.pages.vbmobile.LoginPage.signIn(LoginPage.java:53)
	at com.kone.app.tests.testcases.vbmobile.VbmobileAuthenticationTests.loginTest(VbmobileAuthenticationTests.java:47)
Caused by: org.openqa.selenium.NoSuchElementException: Cannot locate an element using By.xpath: //*[contains(text(), &apos;Downloading&apos;)]
For documentation on this error, please visit: http://seleniumhq.org/exceptions/no_such_element.html
Build info: version: &apos;3.12.0&apos;, revision: &apos;7c6e0b3&apos;, time: &apos;2018-05-08T14:04:26.12Z&apos;
System info: host: &apos;5CG71660NZ&apos;, ip: &apos;10.114.127.235&apos;, os.name: &apos;Windows 7&apos;, os.arch: &apos;amd64&apos;, os.version: &apos;6.1&apos;, java.version: &apos;1.8.0_144&apos;
Driver info: driver.version: unknown
	at org.openqa.selenium.support.ui.ExpectedConditions.lambda$findElement$0(ExpectedConditions.java:896)
	at java.util.Optional.orElseThrow(Unknown Source)
	at org.openqa.selenium.support.ui.ExpectedConditions.findElement(ExpectedConditions.java:895)
	at org.openqa.selenium.support.ui.ExpectedConditions.access$000(ExpectedConditions.java:44)
	at org.openqa.selenium.support.ui.ExpectedConditions$7.apply(ExpectedConditions.java:206)
	at org.openqa.selenium.support.ui.ExpectedConditions$7.apply(ExpectedConditions.java:202)
	at org.openqa.selenium.support.ui.FluentWait.until(FluentWait.java:248)
	... 28 more
... Removed 25 stack frames</div></td></tr></table><p class="totop"><a href="#summary">back to summary</a></p>
<h3 id="m6">com.kone.app.tests.testcases.salesforce.SalesforceSurveytoLinkOpportunity#loginSalesForce</h3><table class="result"><tr><th>Exception</th></tr><tr><td><div class="stacktrace">java.lang.Throwable: Method SalesforceSurveytoLinkOpportunity.loginSalesForce(java.lang.String)[pri:0, instance:com.kone.app.tests.testcases.salesforce.SalesforceSurveytoLinkOpportunity@1d1e0f6e] depends on not successfully finished methods in group &quot;vbmobie_surveytolink&quot;
... Removed 18 stack frames</div></td></tr></table><p class="totop"><a href="#summary">back to summary</a></p>
<h3 id="m7">com.kone.app.tests.testcases.salesforce.SalesforceSurveytoLinkOpportunity#loginSiteSurvey</h3><table class="result"><tr><th>Exception</th></tr><tr><td><div class="stacktrace">java.lang.Throwable: Method SalesforceSurveytoLinkOpportunity.loginSiteSurvey(java.lang.String)[pri:0, instance:com.kone.app.tests.testcases.salesforce.SalesforceSurveytoLinkOpportunity@1d1e0f6e] depends on not successfully finished methods in group &quot;linkSurveytoSalesforce&quot;
... Removed 18 stack frames</div></td></tr></table><p class="totop"><a href="#summary">back to summary</a></p>
<h3 id="m8">com.kone.app.tests.testcases.vbmobile.VbmobileSurveytoLinkOpportunity#answerSurveyTest</h3><table class="result"><tr><th>Exception</th></tr><tr><td><div class="stacktrace">java.lang.Throwable: Method VbmobileSurveytoLinkOpportunity.answerSurveyTest(java.lang.String, java.lang.String)[pri:0, instance:com.kone.app.tests.testcases.vbmobile.VbmobileSurveytoLinkOpportunity@1b02231b] depends on not successfully finished methods in group &quot;vbmobie_login&quot;
... Removed 18 stack frames</div></td></tr></table><p class="totop"><a href="#summary">back to summary</a></p>
</body>
</html>
