<!DOCTYPE html>

<html>
  <head>
  <meta charset='utf-8'>
  <title>TestNG reports</title>

    <link type="text/css" href="testng-reports.css" rel="stylesheet" />
    <script type="text/javascript" src="jquery-1.7.1.min.js"></script>
    <script type="text/javascript" src="testng-reports.js"></script>
    <script type="text/javascript" src="https://www.google.com/jsapi"></script>
    <script type='text/javascript'>
      google.load('visualization', '1', {packages:['table']});
      google.setOnLoadCallback(drawTable);
      var suiteTableInitFunctions = new Array();
      var suiteTableData = new Array();
    </script>
    <!--
      <script type="text/javascript" src="jquery-ui/js/jquery-ui-1.8.16.custom.min.js"></script>
     -->
  </head>

  <body>
    <div class="top-banner-root">
      <span class="top-banner-title-font">Test results</span>
      <br/>
      <span class="top-banner-font-1">1 suite</span>
    </div> <!-- top-banner-root -->
    <div class="navigator-root">
      <div class="navigator-suite-header">
        <span>All suites</span>
        <a href="#" class="collapse-all-link" title="Collapse/expand all the suites">
          <img class="collapse-all-icon" src="collapseall.gif">
          </img> <!-- collapse-all-icon -->
        </a> <!-- collapse-all-link -->
      </div> <!-- navigator-suite-header -->
      <div class="suite">
        <div class="rounded-window">
          <div class="suite-header light-rounded-window-top">
            <a href="#" class="navigator-link" panel-name="suite-Mobile_Site_Survey_End-to-End_Test">
              <span class="suite-name border-skipped">Mobile Site Survey End-to-End Test</span>
            </a> <!-- navigator-link -->
          </div> <!-- suite-header light-rounded-window-top -->
          <div class="navigator-suite-content">
            <div class="suite-section-title">
              <span>Info</span>
            </div> <!-- suite-section-title -->
            <div class="suite-section-content">
              <ul>
                <li>
                  <a href="#" class="navigator-link " panel-name="test-xml-Mobile_Site_Survey_End-to-End_Test">
                    <span>C:\Users\con_svijay02\mobilesitesurveytestautomation\suites\vbmobile\surveyCreate.xml</span>
                  </a> <!-- navigator-link  -->
                </li>
                <li>
                  <a href="#" class="navigator-link " panel-name="testlist-Mobile_Site_Survey_End-to-End_Test">
                    <span class="test-stats">5 tests</span>
                  </a> <!-- navigator-link  -->
                </li>
                <li>
                  <a href="#" class="navigator-link " panel-name="group-Mobile_Site_Survey_End-to-End_Test">
                    <span>7 groups</span>
                  </a> <!-- navigator-link  -->
                </li>
                <li>
                  <a href="#" class="navigator-link " panel-name="times-Mobile_Site_Survey_End-to-End_Test">
                    <span>Times</span>
                  </a> <!-- navigator-link  -->
                </li>
                <li>
                  <a href="#" class="navigator-link " panel-name="reporter-Mobile_Site_Survey_End-to-End_Test">
                    <span>Reporter output</span>
                  </a> <!-- navigator-link  -->
                </li>
                <li>
                  <a href="#" class="navigator-link " panel-name="ignored-methods-Mobile_Site_Survey_End-to-End_Test">
                    <span>Ignored methods</span>
                  </a> <!-- navigator-link  -->
                </li>
                <li>
                  <a href="#" class="navigator-link " panel-name="chronological-Mobile_Site_Survey_End-to-End_Test">
                    <span>Chronological view</span>
                  </a> <!-- navigator-link  -->
                </li>
              </ul>
            </div> <!-- suite-section-content -->
            <div class="result-section">
              <div class="suite-section-title">
                <span>Results</span>
              </div> <!-- suite-section-title -->
              <div class="suite-section-content">
                <ul>
                  <li>
                    <span class="method-stats">16 methods,  16 skipped,  </span>
                  </li>
                  <li>
                    <span class="method-list-title skipped">Skipped methods</span>
                    <span class="show-or-hide-methods skipped">
                      <a href="#" panel-name="suite-Mobile_Site_Survey_End-to-End_Test" class="hide-methods skipped suite-Mobile_Site_Survey_End-to-End_Test"> (hide)</a> <!-- hide-methods skipped suite-Mobile_Site_Survey_End-to-End_Test -->
                      <a href="#" panel-name="suite-Mobile_Site_Survey_End-to-End_Test" class="show-methods skipped suite-Mobile_Site_Survey_End-to-End_Test"> (show)</a> <!-- show-methods skipped suite-Mobile_Site_Survey_End-to-End_Test -->
                    </span>
                    <div class="method-list-content skipped suite-Mobile_Site_Survey_End-to-End_Test">
                      <span>
                        <img width="3%" src="skipped.png"/>
                        <a href="#" class="method navigator-link" panel-name="suite-Mobile_Site_Survey_End-to-End_Test" title="com.kone.app.tests.testcases.vbmobile.VbmobileSurveyTests" hash-for-method="answerSurveyTest">answerSurveyTest</a> <!-- method navigator-link -->
                      </span>
                      <br/>
                      <span>
                        <img width="3%" src="skipped.png"/>
                        <a href="#" class="method navigator-link" panel-name="suite-Mobile_Site_Survey_End-to-End_Test" title="com.kone.app.tests.testcases.vbmobile.VbmobileSurveyTests" hash-for-method="answerSurveyTest">answerSurveyTest</a> <!-- method navigator-link -->
                      </span>
                      <br/>
                      <span>
                        <img width="3%" src="skipped.png"/>
                        <a href="#" class="method navigator-link" panel-name="suite-Mobile_Site_Survey_End-to-End_Test" title="com.kone.app.tests.testcases.vbmobile.VbmobileSurveytoLinkOpportunity" hash-for-method="answerSurveyTest">answerSurveyTest</a> <!-- method navigator-link -->
                      </span>
                      <br/>
                      <span>
                        <img width="3%" src="skipped.png"/>
                        <a href="#" class="method navigator-link" panel-name="suite-Mobile_Site_Survey_End-to-End_Test" title="com.kone.app.tests.testcases.vbmobile.VbmobileSurveyTests" hash-for-method="answerSurveyTest">answerSurveyTest</a> <!-- method navigator-link -->
                      </span>
                      <br/>
                      <span>
                        <img width="3%" src="skipped.png"/>
                        <a href="#" class="method navigator-link" panel-name="suite-Mobile_Site_Survey_End-to-End_Test" title="com.kone.app.tests.testcases.vbmobile.VbmobileSurveyTests" hash-for-method="answerSurveyTest">answerSurveyTest</a> <!-- method navigator-link -->
                      </span>
                      <br/>
                      <span>
                        <img width="3%" src="skipped.png"/>
                        <a href="#" class="method navigator-link" panel-name="suite-Mobile_Site_Survey_End-to-End_Test" title="com.kone.app.tests.testcases.salesforce.SalesforceAuthenticationTests" hash-for-method="loginSalesForce">loginSalesForce</a> <!-- method navigator-link -->
                      </span>
                      <br/>
                      <span>
                        <img width="3%" src="skipped.png"/>
                        <a href="#" class="method navigator-link" panel-name="suite-Mobile_Site_Survey_End-to-End_Test" title="com.kone.app.tests.testcases.salesforce.SalesforceAuthenticationTests" hash-for-method="loginSalesForce">loginSalesForce</a> <!-- method navigator-link -->
                      </span>
                      <br/>
                      <span>
                        <img width="3%" src="skipped.png"/>
                        <a href="#" class="method navigator-link" panel-name="suite-Mobile_Site_Survey_End-to-End_Test" title="com.kone.app.tests.testcases.salesforce.SalesforceSurveytoLinkOpportunity" hash-for-method="loginSalesForce">loginSalesForce</a> <!-- method navigator-link -->
                      </span>
                      <br/>
                      <span>
                        <img width="3%" src="skipped.png"/>
                        <a href="#" class="method navigator-link" panel-name="suite-Mobile_Site_Survey_End-to-End_Test" title="com.kone.app.tests.testcases.salesforce.SalesforceAuthenticationTests" hash-for-method="loginSalesForce">loginSalesForce</a> <!-- method navigator-link -->
                      </span>
                      <br/>
                      <span>
                        <img width="3%" src="skipped.png"/>
                        <a href="#" class="method navigator-link" panel-name="suite-Mobile_Site_Survey_End-to-End_Test" title="com.kone.app.tests.testcases.salesforce.SalesforceAuthenticationTests" hash-for-method="loginSalesForce">loginSalesForce</a> <!-- method navigator-link -->
                      </span>
                      <br/>
                      <span>
                        <img width="3%" src="skipped.png"/>
                        <a href="#" class="method navigator-link" panel-name="suite-Mobile_Site_Survey_End-to-End_Test" title="com.kone.app.tests.testcases.salesforce.SalesforceSurveytoLinkOpportunity" hash-for-method="loginSiteSurvey">loginSiteSurvey</a> <!-- method navigator-link -->
                      </span>
                      <br/>
                      <span>
                        <img width="3%" src="skipped.png"/>
                        <a href="#" class="method navigator-link" panel-name="suite-Mobile_Site_Survey_End-to-End_Test" title="com.kone.app.tests.testcases.vbmobile.VbmobileAuthenticationTests" hash-for-method="loginTest">loginTest</a> <!-- method navigator-link -->
                      </span>
                      <br/>
                      <span>
                        <img width="3%" src="skipped.png"/>
                        <a href="#" class="method navigator-link" panel-name="suite-Mobile_Site_Survey_End-to-End_Test" title="com.kone.app.tests.testcases.vbmobile.VbmobileAuthenticationTests" hash-for-method="loginTest">loginTest</a> <!-- method navigator-link -->
                      </span>
                      <br/>
                      <span>
                        <img width="3%" src="skipped.png"/>
                        <a href="#" class="method navigator-link" panel-name="suite-Mobile_Site_Survey_End-to-End_Test" title="com.kone.app.tests.testcases.vbmobile.VbmobileAuthenticationTests" hash-for-method="loginTest">loginTest</a> <!-- method navigator-link -->
                      </span>
                      <br/>
                      <span>
                        <img width="3%" src="skipped.png"/>
                        <a href="#" class="method navigator-link" panel-name="suite-Mobile_Site_Survey_End-to-End_Test" title="com.kone.app.tests.testcases.vbmobile.VbmobileAuthenticationTests" hash-for-method="loginTest">loginTest</a> <!-- method navigator-link -->
                      </span>
                      <br/>
                      <span>
                        <img width="3%" src="skipped.png"/>
                        <a href="#" class="method navigator-link" panel-name="suite-Mobile_Site_Survey_End-to-End_Test" title="com.kone.app.tests.testcases.vbmobile.VbmobileAuthenticationTests" hash-for-method="loginTest">loginTest</a> <!-- method navigator-link -->
                      </span>
                      <br/>
                    </div> <!-- method-list-content skipped suite-Mobile_Site_Survey_End-to-End_Test -->
                  </li>
                </ul>
              </div> <!-- suite-section-content -->
            </div> <!-- result-section -->
          </div> <!-- navigator-suite-content -->
        </div> <!-- rounded-window -->
      </div> <!-- suite -->
    </div> <!-- navigator-root -->
    <div class="wrapper">
      <div class="main-panel-root">
        <div panel-name="suite-Mobile_Site_Survey_End-to-End_Test" class="panel Mobile_Site_Survey_End-to-End_Test">
          <div class="suite-Mobile_Site_Survey_End-to-End_Test-class-skipped">
            <div class="main-panel-header rounded-window-top">
              <img src="skipped.png"/>
              <span class="class-name">com.kone.app.tests.testcases.salesforce.SalesforceSurveytoLinkOpportunity</span>
            </div> <!-- main-panel-header rounded-window-top -->
            <div class="main-panel-content rounded-window-bottom">
              <div class="method">
                <div class="method-content">
                  <a name="loginSalesForce">
                  </a> <!-- loginSalesForce -->
                  <span class="method-name">loginSalesForce</span>
                  <div class="stack-trace">java.lang.Throwable: Method SalesforceSurveytoLinkOpportunity.loginSalesForce(java.lang.String)[pri:0, instance:com.kone.app.tests.testcases.salesforce.SalesforceSurveytoLinkOpportunity@397c53e7] depends on not successfully finished methods in group &quot;vbmobie_surveytolink&quot;
... Removed 18 stack frames
</div> <!-- stack-trace -->
                </div> <!-- method-content -->
              </div> <!-- method -->
              <div class="method">
                <div class="method-content">
                  <a name="loginSiteSurvey">
                  </a> <!-- loginSiteSurvey -->
                  <span class="method-name">loginSiteSurvey</span>
                  <div class="stack-trace">java.lang.Throwable: Method SalesforceSurveytoLinkOpportunity.loginSiteSurvey(java.lang.String)[pri:0, instance:com.kone.app.tests.testcases.salesforce.SalesforceSurveytoLinkOpportunity@397c53e7] depends on not successfully finished methods in group &quot;linkSurveytoSalesforce&quot;
... Removed 18 stack frames
</div> <!-- stack-trace -->
                </div> <!-- method-content -->
              </div> <!-- method -->
            </div> <!-- main-panel-content rounded-window-bottom -->
          </div> <!-- suite-Mobile_Site_Survey_End-to-End_Test-class-skipped -->
          <div class="suite-Mobile_Site_Survey_End-to-End_Test-class-skipped">
            <div class="main-panel-header rounded-window-top">
              <img src="skipped.png"/>
              <span class="class-name">com.kone.app.tests.testcases.vbmobile.VbmobileSurveytoLinkOpportunity</span>
            </div> <!-- main-panel-header rounded-window-top -->
            <div class="main-panel-content rounded-window-bottom">
              <div class="method">
                <div class="method-content">
                  <a name="answerSurveyTest">
                  </a> <!-- answerSurveyTest -->
                  <span class="method-name">answerSurveyTest</span>
                  <div class="stack-trace">java.lang.Throwable: Method VbmobileSurveytoLinkOpportunity.answerSurveyTest(java.lang.String)[pri:0, instance:com.kone.app.tests.testcases.vbmobile.VbmobileSurveytoLinkOpportunity@ba28d1b] depends on not successfully finished methods in group &quot;vbmobie_login&quot;
... Removed 18 stack frames
</div> <!-- stack-trace -->
                </div> <!-- method-content -->
              </div> <!-- method -->
            </div> <!-- main-panel-content rounded-window-bottom -->
          </div> <!-- suite-Mobile_Site_Survey_End-to-End_Test-class-skipped -->
          <div class="suite-Mobile_Site_Survey_End-to-End_Test-class-skipped">
            <div class="main-panel-header rounded-window-top">
              <img src="skipped.png"/>
              <span class="class-name">com.kone.app.tests.testcases.salesforce.SalesforceAuthenticationTests</span>
            </div> <!-- main-panel-header rounded-window-top -->
            <div class="main-panel-content rounded-window-bottom">
              <div class="method">
                <div class="method-content">
                  <a name="loginSalesForce">
                  </a> <!-- loginSalesForce -->
                  <span class="method-name">loginSalesForce</span>
                  <div class="stack-trace">io.appium.java_client.NoSuchContextException: No such context found. (WARNING: The server did not provide any stacktrace information)
Command duration or timeout: 0 milliseconds
Build info: version: &apos;3.12.0&apos;, revision: &apos;7c6e0b3&apos;, time: &apos;2018-05-08T14:04:26.12Z&apos;
System info: host: &apos;5CG71660NZ&apos;, ip: &apos;10.114.127.235&apos;, os.name: &apos;Windows 7&apos;, os.arch: &apos;amd64&apos;, os.version: &apos;6.1&apos;, java.version: &apos;1.8.0_144&apos;
Driver info: io.appium.java_client.android.AndroidDriver
Capabilities {appActivity: com.kone.MainActivity, appPackage: com.kone.vbmobileTrain, automationName: UiAutomator2, chromedriverExecutable: C:\Users\con_svijay02\mobil..., databaseEnabled: false, desired: {appActivity: com.kone.MainActivity, appPackage: com.kone.vbmobileTrain, automationName: UiAutomator2, chromedriverExecutable: C:\Users\con_svijay02\mobil..., deviceName: My Phone, newCommandTimeout: 1300, noReset: false, platformName: Android}, deviceApiLevel: 26, deviceManufacturer: samsung, deviceModel: SM-G950F, deviceName: ce12171c395d8c3105, deviceScreenDensity: 640, deviceScreenSize: 1440x2960, deviceUDID: ce12171c395d8c3105, javascriptEnabled: true, locationContextEnabled: false, networkConnectionEnabled: true, newCommandTimeout: 1300, noReset: false, pixelRatio: 3, platform: LINUX, platformName: LINUX, platformVersion: 8.0.0, statBarHeight: 72, takesScreenshot: true, viewportRect: {height: 2004, left: 0, top: 72, width: 1080}, warnings: {}, webStorageEnabled: false}
Session ID: 5fad09d4-eee3-4f45-8ac0-eb062ffa576d
	at io.appium.java_client.AppiumDriver.context(AppiumDriver.java:201)
	at com.kone.app.tests.testcases.VbmobileBaseTest.getDriver(VbmobileBaseTest.java:42)
Caused by: org.openqa.selenium.WebDriverException: No such context found. (WARNING: The server did not provide any stacktrace information)
Command duration or timeout: 0 milliseconds
Build info: version: &apos;3.12.0&apos;, revision: &apos;7c6e0b3&apos;, time: &apos;2018-05-08T14:04:26.12Z&apos;
System info: host: &apos;5CG71660NZ&apos;, ip: &apos;10.114.127.235&apos;, os.name: &apos;Windows 7&apos;, os.arch: &apos;amd64&apos;, os.version: &apos;6.1&apos;, java.version: &apos;1.8.0_144&apos;
Driver info: io.appium.java_client.android.AndroidDriver
Capabilities {appActivity: com.kone.MainActivity, appPackage: com.kone.vbmobileTrain, automationName: UiAutomator2, chromedriverExecutable: C:\Users\con_svijay02\mobil..., databaseEnabled: false, desired: {appActivity: com.kone.MainActivity, appPackage: com.kone.vbmobileTrain, automationName: UiAutomator2, chromedriverExecutable: C:\Users\con_svijay02\mobil..., deviceName: My Phone, newCommandTimeout: 1300, noReset: false, platformName: Android}, deviceApiLevel: 26, deviceManufacturer: samsung, deviceModel: SM-G950F, deviceName: ce12171c395d8c3105, deviceScreenDensity: 640, deviceScreenSize: 1440x2960, deviceUDID: ce12171c395d8c3105, javascriptEnabled: true, locationContextEnabled: false, networkConnectionEnabled: true, newCommandTimeout: 1300, noReset: false, pixelRatio: 3, platform: LINUX, platformName: LINUX, platformVersion: 8.0.0, statBarHeight: 72, takesScreenshot: true, viewportRect: {height: 2004, left: 0, top: 72, width: 1080}, warnings: {}, webStorageEnabled: false}
Session ID: 5fad09d4-eee3-4f45-8ac0-eb062ffa576d
	at org.openqa.selenium.remote.ErrorHandler.createThrowable(ErrorHandler.java:214)
	at org.openqa.selenium.remote.ErrorHandler.throwIfResponseFailed(ErrorHandler.java:166)
	at org.openqa.selenium.remote.http.JsonHttpResponseCodec.reconstructValue(JsonHttpResponseCodec.java:40)
	at org.openqa.selenium.remote.http.AbstractHttpResponseCodec.decode(AbstractHttpResponseCodec.java:80)
	at org.openqa.selenium.remote.http.AbstractHttpResponseCodec.decode(AbstractHttpResponseCodec.java:44)
	at org.openqa.selenium.remote.HttpCommandExecutor.execute(HttpCommandExecutor.java:158)
	at io.appium.java_client.remote.AppiumCommandExecutor.execute(AppiumCommandExecutor.java:129)
	at org.openqa.selenium.remote.RemoteWebDriver.execute(RemoteWebDriver.java:543)
	at io.appium.java_client.DefaultGenericMobileDriver.execute(DefaultGenericMobileDriver.java:42)
	at io.appium.java_client.AppiumDriver.execute(AppiumDriver.java:1)
	at io.appium.java_client.android.AndroidDriver.execute(AndroidDriver.java:1)
	at io.appium.java_client.AppiumDriver.context(AppiumDriver.java:198)
	... 21 more
... Removed 24 stack frames
</div> <!-- stack-trace -->
                </div> <!-- method-content -->
              </div> <!-- method -->
              <div class="method">
                <div class="method-content">
                  <a name="loginSalesForce">
                  </a> <!-- loginSalesForce -->
                  <span class="method-name">loginSalesForce</span>
                  <div class="stack-trace">io.appium.java_client.NoSuchContextException: No such context found. (WARNING: The server did not provide any stacktrace information)
Command duration or timeout: 0 milliseconds
Build info: version: &apos;3.12.0&apos;, revision: &apos;7c6e0b3&apos;, time: &apos;2018-05-08T14:04:26.12Z&apos;
System info: host: &apos;5CG71660NZ&apos;, ip: &apos;10.114.127.235&apos;, os.name: &apos;Windows 7&apos;, os.arch: &apos;amd64&apos;, os.version: &apos;6.1&apos;, java.version: &apos;1.8.0_144&apos;
Driver info: io.appium.java_client.android.AndroidDriver
Capabilities {appActivity: com.kone.MainActivity, appPackage: com.kone.vbmobileTrain, automationName: UiAutomator2, chromedriverExecutable: C:\Users\con_svijay02\mobil..., databaseEnabled: false, desired: {appActivity: com.kone.MainActivity, appPackage: com.kone.vbmobileTrain, automationName: UiAutomator2, chromedriverExecutable: C:\Users\con_svijay02\mobil..., deviceName: My Phone, newCommandTimeout: 1300, noReset: false, platformName: Android}, deviceApiLevel: 26, deviceManufacturer: samsung, deviceModel: SM-G950F, deviceName: ce12171c395d8c3105, deviceScreenDensity: 640, deviceScreenSize: 1440x2960, deviceUDID: ce12171c395d8c3105, javascriptEnabled: true, locationContextEnabled: false, networkConnectionEnabled: true, newCommandTimeout: 1300, noReset: false, pixelRatio: 3, platform: LINUX, platformName: LINUX, platformVersion: 8.0.0, statBarHeight: 72, takesScreenshot: true, viewportRect: {height: 2004, left: 0, top: 72, width: 1080}, warnings: {}, webStorageEnabled: false}
Session ID: 5fad09d4-eee3-4f45-8ac0-eb062ffa576d
	at io.appium.java_client.AppiumDriver.context(AppiumDriver.java:201)
	at com.kone.app.tests.testcases.VbmobileBaseTest.getDriver(VbmobileBaseTest.java:42)
Caused by: org.openqa.selenium.WebDriverException: No such context found. (WARNING: The server did not provide any stacktrace information)
Command duration or timeout: 0 milliseconds
Build info: version: &apos;3.12.0&apos;, revision: &apos;7c6e0b3&apos;, time: &apos;2018-05-08T14:04:26.12Z&apos;
System info: host: &apos;5CG71660NZ&apos;, ip: &apos;10.114.127.235&apos;, os.name: &apos;Windows 7&apos;, os.arch: &apos;amd64&apos;, os.version: &apos;6.1&apos;, java.version: &apos;1.8.0_144&apos;
Driver info: io.appium.java_client.android.AndroidDriver
Capabilities {appActivity: com.kone.MainActivity, appPackage: com.kone.vbmobileTrain, automationName: UiAutomator2, chromedriverExecutable: C:\Users\con_svijay02\mobil..., databaseEnabled: false, desired: {appActivity: com.kone.MainActivity, appPackage: com.kone.vbmobileTrain, automationName: UiAutomator2, chromedriverExecutable: C:\Users\con_svijay02\mobil..., deviceName: My Phone, newCommandTimeout: 1300, noReset: false, platformName: Android}, deviceApiLevel: 26, deviceManufacturer: samsung, deviceModel: SM-G950F, deviceName: ce12171c395d8c3105, deviceScreenDensity: 640, deviceScreenSize: 1440x2960, deviceUDID: ce12171c395d8c3105, javascriptEnabled: true, locationContextEnabled: false, networkConnectionEnabled: true, newCommandTimeout: 1300, noReset: false, pixelRatio: 3, platform: LINUX, platformName: LINUX, platformVersion: 8.0.0, statBarHeight: 72, takesScreenshot: true, viewportRect: {height: 2004, left: 0, top: 72, width: 1080}, warnings: {}, webStorageEnabled: false}
Session ID: 5fad09d4-eee3-4f45-8ac0-eb062ffa576d
	at org.openqa.selenium.remote.ErrorHandler.createThrowable(ErrorHandler.java:214)
	at org.openqa.selenium.remote.ErrorHandler.throwIfResponseFailed(ErrorHandler.java:166)
	at org.openqa.selenium.remote.http.JsonHttpResponseCodec.reconstructValue(JsonHttpResponseCodec.java:40)
	at org.openqa.selenium.remote.http.AbstractHttpResponseCodec.decode(AbstractHttpResponseCodec.java:80)
	at org.openqa.selenium.remote.http.AbstractHttpResponseCodec.decode(AbstractHttpResponseCodec.java:44)
	at org.openqa.selenium.remote.HttpCommandExecutor.execute(HttpCommandExecutor.java:158)
	at io.appium.java_client.remote.AppiumCommandExecutor.execute(AppiumCommandExecutor.java:129)
	at org.openqa.selenium.remote.RemoteWebDriver.execute(RemoteWebDriver.java:543)
	at io.appium.java_client.DefaultGenericMobileDriver.execute(DefaultGenericMobileDriver.java:42)
	at io.appium.java_client.AppiumDriver.execute(AppiumDriver.java:1)
	at io.appium.java_client.android.AndroidDriver.execute(AndroidDriver.java:1)
	at io.appium.java_client.AppiumDriver.context(AppiumDriver.java:198)
	... 21 more
... Removed 24 stack frames
</div> <!-- stack-trace -->
                </div> <!-- method-content -->
              </div> <!-- method -->
              <div class="method">
                <div class="method-content">
                  <a name="loginSalesForce">
                  </a> <!-- loginSalesForce -->
                  <span class="method-name">loginSalesForce</span>
                  <div class="stack-trace">io.appium.java_client.NoSuchContextException: No such context found. (WARNING: The server did not provide any stacktrace information)
Command duration or timeout: 0 milliseconds
Build info: version: &apos;3.12.0&apos;, revision: &apos;7c6e0b3&apos;, time: &apos;2018-05-08T14:04:26.12Z&apos;
System info: host: &apos;5CG71660NZ&apos;, ip: &apos;10.114.127.235&apos;, os.name: &apos;Windows 7&apos;, os.arch: &apos;amd64&apos;, os.version: &apos;6.1&apos;, java.version: &apos;1.8.0_144&apos;
Driver info: io.appium.java_client.android.AndroidDriver
Capabilities {appActivity: com.kone.MainActivity, appPackage: com.kone.vbmobileTrain, automationName: UiAutomator2, chromedriverExecutable: C:\Users\con_svijay02\mobil..., databaseEnabled: false, desired: {appActivity: com.kone.MainActivity, appPackage: com.kone.vbmobileTrain, automationName: UiAutomator2, chromedriverExecutable: C:\Users\con_svijay02\mobil..., deviceName: My Phone, newCommandTimeout: 1300, noReset: false, platformName: Android}, deviceApiLevel: 26, deviceManufacturer: samsung, deviceModel: SM-G950F, deviceName: ce12171c395d8c3105, deviceScreenDensity: 640, deviceScreenSize: 1440x2960, deviceUDID: ce12171c395d8c3105, javascriptEnabled: true, locationContextEnabled: false, networkConnectionEnabled: true, newCommandTimeout: 1300, noReset: false, pixelRatio: 3, platform: LINUX, platformName: LINUX, platformVersion: 8.0.0, statBarHeight: 72, takesScreenshot: true, viewportRect: {height: 2004, left: 0, top: 72, width: 1080}, warnings: {}, webStorageEnabled: false}
Session ID: 5fad09d4-eee3-4f45-8ac0-eb062ffa576d
	at io.appium.java_client.AppiumDriver.context(AppiumDriver.java:201)
	at com.kone.app.tests.testcases.VbmobileBaseTest.getDriver(VbmobileBaseTest.java:42)
Caused by: org.openqa.selenium.WebDriverException: No such context found. (WARNING: The server did not provide any stacktrace information)
Command duration or timeout: 0 milliseconds
Build info: version: &apos;3.12.0&apos;, revision: &apos;7c6e0b3&apos;, time: &apos;2018-05-08T14:04:26.12Z&apos;
System info: host: &apos;5CG71660NZ&apos;, ip: &apos;10.114.127.235&apos;, os.name: &apos;Windows 7&apos;, os.arch: &apos;amd64&apos;, os.version: &apos;6.1&apos;, java.version: &apos;1.8.0_144&apos;
Driver info: io.appium.java_client.android.AndroidDriver
Capabilities {appActivity: com.kone.MainActivity, appPackage: com.kone.vbmobileTrain, automationName: UiAutomator2, chromedriverExecutable: C:\Users\con_svijay02\mobil..., databaseEnabled: false, desired: {appActivity: com.kone.MainActivity, appPackage: com.kone.vbmobileTrain, automationName: UiAutomator2, chromedriverExecutable: C:\Users\con_svijay02\mobil..., deviceName: My Phone, newCommandTimeout: 1300, noReset: false, platformName: Android}, deviceApiLevel: 26, deviceManufacturer: samsung, deviceModel: SM-G950F, deviceName: ce12171c395d8c3105, deviceScreenDensity: 640, deviceScreenSize: 1440x2960, deviceUDID: ce12171c395d8c3105, javascriptEnabled: true, locationContextEnabled: false, networkConnectionEnabled: true, newCommandTimeout: 1300, noReset: false, pixelRatio: 3, platform: LINUX, platformName: LINUX, platformVersion: 8.0.0, statBarHeight: 72, takesScreenshot: true, viewportRect: {height: 2004, left: 0, top: 72, width: 1080}, warnings: {}, webStorageEnabled: false}
Session ID: 5fad09d4-eee3-4f45-8ac0-eb062ffa576d
	at org.openqa.selenium.remote.ErrorHandler.createThrowable(ErrorHandler.java:214)
	at org.openqa.selenium.remote.ErrorHandler.throwIfResponseFailed(ErrorHandler.java:166)
	at org.openqa.selenium.remote.http.JsonHttpResponseCodec.reconstructValue(JsonHttpResponseCodec.java:40)
	at org.openqa.selenium.remote.http.AbstractHttpResponseCodec.decode(AbstractHttpResponseCodec.java:80)
	at org.openqa.selenium.remote.http.AbstractHttpResponseCodec.decode(AbstractHttpResponseCodec.java:44)
	at org.openqa.selenium.remote.HttpCommandExecutor.execute(HttpCommandExecutor.java:158)
	at io.appium.java_client.remote.AppiumCommandExecutor.execute(AppiumCommandExecutor.java:129)
	at org.openqa.selenium.remote.RemoteWebDriver.execute(RemoteWebDriver.java:543)
	at io.appium.java_client.DefaultGenericMobileDriver.execute(DefaultGenericMobileDriver.java:42)
	at io.appium.java_client.AppiumDriver.execute(AppiumDriver.java:1)
	at io.appium.java_client.android.AndroidDriver.execute(AndroidDriver.java:1)
	at io.appium.java_client.AppiumDriver.context(AppiumDriver.java:198)
	... 21 more
... Removed 24 stack frames
</div> <!-- stack-trace -->
                </div> <!-- method-content -->
              </div> <!-- method -->
              <div class="method">
                <div class="method-content">
                  <a name="loginSalesForce">
                  </a> <!-- loginSalesForce -->
                  <span class="method-name">loginSalesForce</span>
                  <div class="stack-trace">io.appium.java_client.NoSuchContextException: No such context found. (WARNING: The server did not provide any stacktrace information)
Command duration or timeout: 0 milliseconds
Build info: version: &apos;3.12.0&apos;, revision: &apos;7c6e0b3&apos;, time: &apos;2018-05-08T14:04:26.12Z&apos;
System info: host: &apos;5CG71660NZ&apos;, ip: &apos;10.114.127.235&apos;, os.name: &apos;Windows 7&apos;, os.arch: &apos;amd64&apos;, os.version: &apos;6.1&apos;, java.version: &apos;1.8.0_144&apos;
Driver info: io.appium.java_client.android.AndroidDriver
Capabilities {appActivity: com.kone.MainActivity, appPackage: com.kone.vbmobileTrain, automationName: UiAutomator2, chromedriverExecutable: C:\Users\con_svijay02\mobil..., databaseEnabled: false, desired: {appActivity: com.kone.MainActivity, appPackage: com.kone.vbmobileTrain, automationName: UiAutomator2, chromedriverExecutable: C:\Users\con_svijay02\mobil..., deviceName: My Phone, newCommandTimeout: 1300, noReset: false, platformName: Android}, deviceApiLevel: 26, deviceManufacturer: samsung, deviceModel: SM-G950F, deviceName: ce12171c395d8c3105, deviceScreenDensity: 640, deviceScreenSize: 1440x2960, deviceUDID: ce12171c395d8c3105, javascriptEnabled: true, locationContextEnabled: false, networkConnectionEnabled: true, newCommandTimeout: 1300, noReset: false, pixelRatio: 3, platform: LINUX, platformName: LINUX, platformVersion: 8.0.0, statBarHeight: 72, takesScreenshot: true, viewportRect: {height: 2004, left: 0, top: 72, width: 1080}, warnings: {}, webStorageEnabled: false}
Session ID: 5fad09d4-eee3-4f45-8ac0-eb062ffa576d
	at io.appium.java_client.AppiumDriver.context(AppiumDriver.java:201)
	at com.kone.app.tests.testcases.VbmobileBaseTest.getDriver(VbmobileBaseTest.java:42)
Caused by: org.openqa.selenium.WebDriverException: No such context found. (WARNING: The server did not provide any stacktrace information)
Command duration or timeout: 0 milliseconds
Build info: version: &apos;3.12.0&apos;, revision: &apos;7c6e0b3&apos;, time: &apos;2018-05-08T14:04:26.12Z&apos;
System info: host: &apos;5CG71660NZ&apos;, ip: &apos;10.114.127.235&apos;, os.name: &apos;Windows 7&apos;, os.arch: &apos;amd64&apos;, os.version: &apos;6.1&apos;, java.version: &apos;1.8.0_144&apos;
Driver info: io.appium.java_client.android.AndroidDriver
Capabilities {appActivity: com.kone.MainActivity, appPackage: com.kone.vbmobileTrain, automationName: UiAutomator2, chromedriverExecutable: C:\Users\con_svijay02\mobil..., databaseEnabled: false, desired: {appActivity: com.kone.MainActivity, appPackage: com.kone.vbmobileTrain, automationName: UiAutomator2, chromedriverExecutable: C:\Users\con_svijay02\mobil..., deviceName: My Phone, newCommandTimeout: 1300, noReset: false, platformName: Android}, deviceApiLevel: 26, deviceManufacturer: samsung, deviceModel: SM-G950F, deviceName: ce12171c395d8c3105, deviceScreenDensity: 640, deviceScreenSize: 1440x2960, deviceUDID: ce12171c395d8c3105, javascriptEnabled: true, locationContextEnabled: false, networkConnectionEnabled: true, newCommandTimeout: 1300, noReset: false, pixelRatio: 3, platform: LINUX, platformName: LINUX, platformVersion: 8.0.0, statBarHeight: 72, takesScreenshot: true, viewportRect: {height: 2004, left: 0, top: 72, width: 1080}, warnings: {}, webStorageEnabled: false}
Session ID: 5fad09d4-eee3-4f45-8ac0-eb062ffa576d
	at org.openqa.selenium.remote.ErrorHandler.createThrowable(ErrorHandler.java:214)
	at org.openqa.selenium.remote.ErrorHandler.throwIfResponseFailed(ErrorHandler.java:166)
	at org.openqa.selenium.remote.http.JsonHttpResponseCodec.reconstructValue(JsonHttpResponseCodec.java:40)
	at org.openqa.selenium.remote.http.AbstractHttpResponseCodec.decode(AbstractHttpResponseCodec.java:80)
	at org.openqa.selenium.remote.http.AbstractHttpResponseCodec.decode(AbstractHttpResponseCodec.java:44)
	at org.openqa.selenium.remote.HttpCommandExecutor.execute(HttpCommandExecutor.java:158)
	at io.appium.java_client.remote.AppiumCommandExecutor.execute(AppiumCommandExecutor.java:129)
	at org.openqa.selenium.remote.RemoteWebDriver.execute(RemoteWebDriver.java:543)
	at io.appium.java_client.DefaultGenericMobileDriver.execute(DefaultGenericMobileDriver.java:42)
	at io.appium.java_client.AppiumDriver.execute(AppiumDriver.java:1)
	at io.appium.java_client.android.AndroidDriver.execute(AndroidDriver.java:1)
	at io.appium.java_client.AppiumDriver.context(AppiumDriver.java:198)
	... 21 more
... Removed 24 stack frames
</div> <!-- stack-trace -->
                </div> <!-- method-content -->
              </div> <!-- method -->
            </div> <!-- main-panel-content rounded-window-bottom -->
          </div> <!-- suite-Mobile_Site_Survey_End-to-End_Test-class-skipped -->
          <div class="suite-Mobile_Site_Survey_End-to-End_Test-class-skipped">
            <div class="main-panel-header rounded-window-top">
              <img src="skipped.png"/>
              <span class="class-name">com.kone.app.tests.testcases.vbmobile.VbmobileAuthenticationTests</span>
            </div> <!-- main-panel-header rounded-window-top -->
            <div class="main-panel-content rounded-window-bottom">
              <div class="method">
                <div class="method-content">
                  <a name="loginTest">
                  </a> <!-- loginTest -->
                  <span class="method-name">loginTest</span>
                  <div class="stack-trace">java.lang.Throwable: Method VbmobileAuthenticationTests.loginTest()[pri:0, instance:com.kone.app.tests.testcases.vbmobile.VbmobileAuthenticationTests@1b1e93a9] depends on not successfully finished methods in group &quot;login_salesforce&quot;
... Removed 18 stack frames
</div> <!-- stack-trace -->
                </div> <!-- method-content -->
              </div> <!-- method -->
              <div class="method">
                <div class="method-content">
                  <a name="loginTest">
                  </a> <!-- loginTest -->
                  <span class="method-name">loginTest</span>
                  <div class="stack-trace">java.lang.Throwable: Method VbmobileAuthenticationTests.loginTest()[pri:0, instance:com.kone.app.tests.testcases.vbmobile.VbmobileAuthenticationTests@6f48bbde] depends on not successfully finished methods in group &quot;login_salesforce&quot;
... Removed 18 stack frames
</div> <!-- stack-trace -->
                </div> <!-- method-content -->
              </div> <!-- method -->
              <div class="method">
                <div class="method-content">
                  <a name="loginTest">
                  </a> <!-- loginTest -->
                  <span class="method-name">loginTest</span>
                  <div class="stack-trace">io.appium.java_client.NoSuchContextException: No such context found. (WARNING: The server did not provide any stacktrace information)
Command duration or timeout: 0 milliseconds
Build info: version: &apos;3.12.0&apos;, revision: &apos;7c6e0b3&apos;, time: &apos;2018-05-08T14:04:26.12Z&apos;
System info: host: &apos;5CG71660NZ&apos;, ip: &apos;10.114.127.235&apos;, os.name: &apos;Windows 7&apos;, os.arch: &apos;amd64&apos;, os.version: &apos;6.1&apos;, java.version: &apos;1.8.0_144&apos;
Driver info: io.appium.java_client.android.AndroidDriver
Capabilities {appActivity: com.kone.MainActivity, appPackage: com.kone.vbmobileTrain, automationName: UiAutomator2, chromedriverExecutable: C:\Users\con_svijay02\mobil..., databaseEnabled: false, desired: {appActivity: com.kone.MainActivity, appPackage: com.kone.vbmobileTrain, automationName: UiAutomator2, chromedriverExecutable: C:\Users\con_svijay02\mobil..., deviceName: My Phone, newCommandTimeout: 1300, noReset: false, platformName: Android}, deviceApiLevel: 26, deviceManufacturer: samsung, deviceModel: SM-G950F, deviceName: ce12171c395d8c3105, deviceScreenDensity: 640, deviceScreenSize: 1440x2960, deviceUDID: ce12171c395d8c3105, javascriptEnabled: true, locationContextEnabled: false, networkConnectionEnabled: true, newCommandTimeout: 1300, noReset: false, pixelRatio: 3, platform: LINUX, platformName: LINUX, platformVersion: 8.0.0, statBarHeight: 72, takesScreenshot: true, viewportRect: {height: 2004, left: 0, top: 72, width: 1080}, warnings: {}, webStorageEnabled: false}
Session ID: 5fad09d4-eee3-4f45-8ac0-eb062ffa576d
	at io.appium.java_client.AppiumDriver.context(AppiumDriver.java:201)
	at com.kone.app.tests.testcases.VbmobileBaseTest.getDriver(VbmobileBaseTest.java:42)
Caused by: org.openqa.selenium.WebDriverException: No such context found. (WARNING: The server did not provide any stacktrace information)
Command duration or timeout: 0 milliseconds
Build info: version: &apos;3.12.0&apos;, revision: &apos;7c6e0b3&apos;, time: &apos;2018-05-08T14:04:26.12Z&apos;
System info: host: &apos;5CG71660NZ&apos;, ip: &apos;10.114.127.235&apos;, os.name: &apos;Windows 7&apos;, os.arch: &apos;amd64&apos;, os.version: &apos;6.1&apos;, java.version: &apos;1.8.0_144&apos;
Driver info: io.appium.java_client.android.AndroidDriver
Capabilities {appActivity: com.kone.MainActivity, appPackage: com.kone.vbmobileTrain, automationName: UiAutomator2, chromedriverExecutable: C:\Users\con_svijay02\mobil..., databaseEnabled: false, desired: {appActivity: com.kone.MainActivity, appPackage: com.kone.vbmobileTrain, automationName: UiAutomator2, chromedriverExecutable: C:\Users\con_svijay02\mobil..., deviceName: My Phone, newCommandTimeout: 1300, noReset: false, platformName: Android}, deviceApiLevel: 26, deviceManufacturer: samsung, deviceModel: SM-G950F, deviceName: ce12171c395d8c3105, deviceScreenDensity: 640, deviceScreenSize: 1440x2960, deviceUDID: ce12171c395d8c3105, javascriptEnabled: true, locationContextEnabled: false, networkConnectionEnabled: true, newCommandTimeout: 1300, noReset: false, pixelRatio: 3, platform: LINUX, platformName: LINUX, platformVersion: 8.0.0, statBarHeight: 72, takesScreenshot: true, viewportRect: {height: 2004, left: 0, top: 72, width: 1080}, warnings: {}, webStorageEnabled: false}
Session ID: 5fad09d4-eee3-4f45-8ac0-eb062ffa576d
	at org.openqa.selenium.remote.ErrorHandler.createThrowable(ErrorHandler.java:214)
	at org.openqa.selenium.remote.ErrorHandler.throwIfResponseFailed(ErrorHandler.java:166)
	at org.openqa.selenium.remote.http.JsonHttpResponseCodec.reconstructValue(JsonHttpResponseCodec.java:40)
	at org.openqa.selenium.remote.http.AbstractHttpResponseCodec.decode(AbstractHttpResponseCodec.java:80)
	at org.openqa.selenium.remote.http.AbstractHttpResponseCodec.decode(AbstractHttpResponseCodec.java:44)
	at org.openqa.selenium.remote.HttpCommandExecutor.execute(HttpCommandExecutor.java:158)
	at io.appium.java_client.remote.AppiumCommandExecutor.execute(AppiumCommandExecutor.java:129)
	at org.openqa.selenium.remote.RemoteWebDriver.execute(RemoteWebDriver.java:543)
	at io.appium.java_client.DefaultGenericMobileDriver.execute(DefaultGenericMobileDriver.java:42)
	at io.appium.java_client.AppiumDriver.execute(AppiumDriver.java:1)
	at io.appium.java_client.android.AndroidDriver.execute(AndroidDriver.java:1)
	at io.appium.java_client.AppiumDriver.context(AppiumDriver.java:198)
	... 21 more
... Removed 24 stack frames
</div> <!-- stack-trace -->
                </div> <!-- method-content -->
              </div> <!-- method -->
              <div class="method">
                <div class="method-content">
                  <a name="loginTest">
                  </a> <!-- loginTest -->
                  <span class="method-name">loginTest</span>
                  <div class="stack-trace">java.lang.Throwable: Method VbmobileAuthenticationTests.loginTest()[pri:0, instance:com.kone.app.tests.testcases.vbmobile.VbmobileAuthenticationTests@105be2d9] depends on not successfully finished methods in group &quot;login_salesforce&quot;
... Removed 18 stack frames
</div> <!-- stack-trace -->
                </div> <!-- method-content -->
              </div> <!-- method -->
              <div class="method">
                <div class="method-content">
                  <a name="loginTest">
                  </a> <!-- loginTest -->
                  <span class="method-name">loginTest</span>
                  <div class="stack-trace">java.lang.Throwable: Method VbmobileAuthenticationTests.loginTest()[pri:0, instance:com.kone.app.tests.testcases.vbmobile.VbmobileAuthenticationTests@38d0b1d2] depends on not successfully finished methods in group &quot;login_salesforce&quot;
... Removed 18 stack frames
</div> <!-- stack-trace -->
                </div> <!-- method-content -->
              </div> <!-- method -->
            </div> <!-- main-panel-content rounded-window-bottom -->
          </div> <!-- suite-Mobile_Site_Survey_End-to-End_Test-class-skipped -->
          <div class="suite-Mobile_Site_Survey_End-to-End_Test-class-skipped">
            <div class="main-panel-header rounded-window-top">
              <img src="skipped.png"/>
              <span class="class-name">com.kone.app.tests.testcases.vbmobile.VbmobileSurveyTests</span>
            </div> <!-- main-panel-header rounded-window-top -->
            <div class="main-panel-content rounded-window-bottom">
              <div class="method">
                <div class="method-content">
                  <a name="answerSurveyTest">
                  </a> <!-- answerSurveyTest -->
                  <span class="method-name">answerSurveyTest</span>
                  <div class="stack-trace">java.lang.Throwable: Method VbmobileSurveyTests.answerSurveyTest(java.lang.String)[pri:0, instance:com.kone.app.tests.testcases.vbmobile.VbmobileSurveyTests@249ef826] depends on not successfully finished methods in group &quot;vbmobie_login&quot;
... Removed 18 stack frames
</div> <!-- stack-trace -->
                </div> <!-- method-content -->
              </div> <!-- method -->
              <div class="method">
                <div class="method-content">
                  <a name="answerSurveyTest">
                  </a> <!-- answerSurveyTest -->
                  <span class="method-name">answerSurveyTest</span>
                  <div class="stack-trace">java.lang.Throwable: Method VbmobileSurveyTests.answerSurveyTest(java.lang.String)[pri:0, instance:com.kone.app.tests.testcases.vbmobile.VbmobileSurveyTests@58f96fef] depends on not successfully finished methods in group &quot;vbmobie_login&quot;
... Removed 18 stack frames
</div> <!-- stack-trace -->
                </div> <!-- method-content -->
              </div> <!-- method -->
              <div class="method">
                <div class="method-content">
                  <a name="answerSurveyTest">
                  </a> <!-- answerSurveyTest -->
                  <span class="method-name">answerSurveyTest</span>
                  <div class="stack-trace">java.lang.Throwable: Method VbmobileSurveyTests.answerSurveyTest(java.lang.String)[pri:0, instance:com.kone.app.tests.testcases.vbmobile.VbmobileSurveyTests@37045c86] depends on not successfully finished methods in group &quot;vbmobie_login&quot;
... Removed 18 stack frames
</div> <!-- stack-trace -->
                </div> <!-- method-content -->
              </div> <!-- method -->
              <div class="method">
                <div class="method-content">
                  <a name="answerSurveyTest">
                  </a> <!-- answerSurveyTest -->
                  <span class="method-name">answerSurveyTest</span>
                  <div class="stack-trace">java.lang.Throwable: Method VbmobileSurveyTests.answerSurveyTest(java.lang.String)[pri:0, instance:com.kone.app.tests.testcases.vbmobile.VbmobileSurveyTests@765eb017] depends on not successfully finished methods in group &quot;vbmobie_login&quot;
... Removed 18 stack frames
</div> <!-- stack-trace -->
                </div> <!-- method-content -->
              </div> <!-- method -->
            </div> <!-- main-panel-content rounded-window-bottom -->
          </div> <!-- suite-Mobile_Site_Survey_End-to-End_Test-class-skipped -->
        </div> <!-- panel Mobile_Site_Survey_End-to-End_Test -->
        <div panel-name="test-xml-Mobile_Site_Survey_End-to-End_Test" class="panel">
          <div class="main-panel-header rounded-window-top">
            <span class="header-content">C:\Users\con_svijay02\mobilesitesurveytestautomation\suites\vbmobile\surveyCreate.xml</span>
          </div> <!-- main-panel-header rounded-window-top -->
          <div class="main-panel-content rounded-window-bottom">
            <pre>
&lt;?xml version=&quot;1.0&quot; encoding=&quot;UTF-8&quot;?&gt;
&lt;!DOCTYPE suite SYSTEM &quot;http://testng.org/testng-1.0.dtd&quot;&gt;
&lt;suite thread-count=&quot;-1&quot; guice-stage=&quot;DEVELOPMENT&quot; name=&quot;Mobile Site Survey End-to-End Test&quot;&gt;
  &lt;listeners&gt;
    &lt;listener class-name=&quot;com.kone.framework.listener.TestNGListener&quot;/&gt;
  &lt;/listeners&gt;
  &lt;test name=&quot;Create Survey in Salesforce LIO_FULL, then Answer in VbMobile&quot; group-by-instances=&quot;true&quot;&gt;
    &lt;parameter name=&quot;websiteselectplannedtype&quot; value=&quot;FRB Full&quot;/&gt;
    &lt;parameter name=&quot;mobileMenutoSelect&quot; value=&quot;Survey Manager_1&quot;/&gt;
    &lt;parameter name=&quot;websurveytype&quot; value=&quot;LIO&quot;/&gt;
    &lt;groups&gt;
      &lt;dependencies&gt;
        &lt;group depends-on=&quot;vbmobie_login&quot; name=&quot;vbmobie_survey&quot;/&gt;
        &lt;group depends-on=&quot;login_salesforce&quot; name=&quot;vbmobie_login&quot;/&gt;
      &lt;/dependencies&gt;
    &lt;/groups&gt;
    &lt;classes&gt;
      &lt;class name=&quot;com.kone.app.tests.factories.salesforce.SalesforceAuthenticationTestFactory&quot;/&gt;
      &lt;class name=&quot;com.kone.app.tests.factories.vbmobile.VbmobileAuthenticationTestFactory&quot;/&gt;
      &lt;class name=&quot;com.kone.app.tests.factories.vbmobile.VbmobileSurveyTestFactory&quot;/&gt;
    &lt;/classes&gt;
  &lt;/test&gt; &lt;!-- Create Survey in Salesforce LIO_FULL, then Answer in VbMobile --&gt;
  &lt;test name=&quot;Create Survey in Salesforce LIO_Budget, then Answer in VbMobile&quot; group-by-instances=&quot;true&quot;&gt;
    &lt;parameter name=&quot;websiteselectplannedtype&quot; value=&quot;FRB Budget&quot;/&gt;
    &lt;parameter name=&quot;mobileMenutoSelect&quot; value=&quot;Survey Manager_1&quot;/&gt;
    &lt;parameter name=&quot;websurveytype&quot; value=&quot;LIO&quot;/&gt;
    &lt;groups&gt;
      &lt;dependencies&gt;
        &lt;group depends-on=&quot;vbmobie_login&quot; name=&quot;vbmobie_survey&quot;/&gt;
        &lt;group depends-on=&quot;login_salesforce&quot; name=&quot;vbmobie_login&quot;/&gt;
      &lt;/dependencies&gt;
    &lt;/groups&gt;
    &lt;classes&gt;
      &lt;class name=&quot;com.kone.app.tests.factories.salesforce.SalesforceAuthenticationTestFactory&quot;/&gt;
      &lt;class name=&quot;com.kone.app.tests.factories.vbmobile.VbmobileAuthenticationTestFactory&quot;/&gt;
      &lt;class name=&quot;com.kone.app.tests.factories.vbmobile.VbmobileSurveyTestFactory&quot;/&gt;
    &lt;/classes&gt;
  &lt;/test&gt; &lt;!-- Create Survey in Salesforce LIO_Budget, then Answer in VbMobile --&gt;
  &lt;test name=&quot;Answer in VbMobile and Link the Survey in Mobile SiteSurvey Run:1&quot; group-by-instances=&quot;true&quot;&gt;
    &lt;parameter name=&quot;mobileMenutoSelect&quot; value=&quot;Survey Manager&quot;/&gt;
    &lt;groups&gt;
      &lt;dependencies&gt;
        &lt;group depends-on=&quot;linkSurveytoSalesforce&quot; name=&quot;linkSurveytoSitefromSalesforce&quot;/&gt;
        &lt;group depends-on=&quot;vbmobie_login&quot; name=&quot;vbmobie_surveytolink&quot;/&gt;
        &lt;group depends-on=&quot;vbmobie_surveytolink&quot; name=&quot;linkSurveytoSalesforce&quot;/&gt;
      &lt;/dependencies&gt;
    &lt;/groups&gt;
    &lt;classes&gt;
      &lt;class name=&quot;com.kone.app.tests.factories.vbmobile.VbmobileAuthenticationTestFactory&quot;/&gt;
      &lt;class name=&quot;com.kone.app.tests.factories.vbmobile.VbmobileSurveyLinktoOpportunityTestFactory&quot;/&gt;
      &lt;class name=&quot;com.kone.app.tests.factories.salesforce.SalesforceSurveytoLinkOpportunityTestFactory&quot;/&gt;
    &lt;/classes&gt;
  &lt;/test&gt; &lt;!-- Answer in VbMobile and Link the Survey in Mobile SiteSurvey Run:1 --&gt;
  &lt;test name=&quot;Create Survey in Salesforce LIS_FULL, then Answer in VbMobile&quot; group-by-instances=&quot;true&quot;&gt;
    &lt;parameter name=&quot;websiteselectplannedtype&quot; value=&quot;FRB Full&quot;/&gt;
    &lt;parameter name=&quot;mobileMenutoSelect&quot; value=&quot;Survey Manager_1&quot;/&gt;
    &lt;parameter name=&quot;websurveytype&quot; value=&quot;LIS&quot;/&gt;
    &lt;groups&gt;
      &lt;dependencies&gt;
        &lt;group depends-on=&quot;vbmobie_login&quot; name=&quot;vbmobie_survey&quot;/&gt;
        &lt;group depends-on=&quot;login_salesforce&quot; name=&quot;vbmobie_login&quot;/&gt;
      &lt;/dependencies&gt;
    &lt;/groups&gt;
    &lt;classes&gt;
      &lt;class name=&quot;com.kone.app.tests.factories.salesforce.SalesforceAuthenticationTestFactory&quot;/&gt;
      &lt;class name=&quot;com.kone.app.tests.factories.vbmobile.VbmobileAuthenticationTestFactory&quot;/&gt;
      &lt;class name=&quot;com.kone.app.tests.factories.vbmobile.VbmobileSurveyTestFactory&quot;/&gt;
    &lt;/classes&gt;
  &lt;/test&gt; &lt;!-- Create Survey in Salesforce LIS_FULL, then Answer in VbMobile --&gt;
  &lt;test name=&quot;Create Survey in Salesforce LIS_Budget, then Answer in VbMobile&quot; group-by-instances=&quot;true&quot;&gt;
    &lt;parameter name=&quot;websiteselectplannedtype&quot; value=&quot;FRB Budget&quot;/&gt;
    &lt;parameter name=&quot;mobileMenutoSelect&quot; value=&quot;Survey Manager_1&quot;/&gt;
    &lt;parameter name=&quot;websurveytype&quot; value=&quot;LIS&quot;/&gt;
    &lt;groups&gt;
      &lt;dependencies&gt;
        &lt;group depends-on=&quot;vbmobie_login&quot; name=&quot;vbmobie_survey&quot;/&gt;
        &lt;group depends-on=&quot;login_salesforce&quot; name=&quot;vbmobie_login&quot;/&gt;
      &lt;/dependencies&gt;
    &lt;/groups&gt;
    &lt;classes&gt;
      &lt;class name=&quot;com.kone.app.tests.factories.salesforce.SalesforceAuthenticationTestFactory&quot;/&gt;
      &lt;class name=&quot;com.kone.app.tests.factories.vbmobile.VbmobileAuthenticationTestFactory&quot;/&gt;
      &lt;class name=&quot;com.kone.app.tests.factories.vbmobile.VbmobileSurveyTestFactory&quot;/&gt;
    &lt;/classes&gt;
  &lt;/test&gt; &lt;!-- Create Survey in Salesforce LIS_Budget, then Answer in VbMobile --&gt;
&lt;/suite&gt; &lt;!-- Mobile Site Survey End-to-End Test --&gt;
            </pre>
          </div> <!-- main-panel-content rounded-window-bottom -->
        </div> <!-- panel -->
        <div panel-name="testlist-Mobile_Site_Survey_End-to-End_Test" class="panel">
          <div class="main-panel-header rounded-window-top">
            <span class="header-content">Tests for Mobile Site Survey End-to-End Test</span>
          </div> <!-- main-panel-header rounded-window-top -->
          <div class="main-panel-content rounded-window-bottom">
            <ul>
              <li>
                <span class="test-name">Create Survey in Salesforce LIO_FULL, then Answer in VbMobile (3 classes)</span>
              </li>
              <li>
                <span class="test-name">Create Survey in Salesforce LIO_Budget, then Answer in VbMobile (3 classes)</span>
              </li>
              <li>
                <span class="test-name">Answer in VbMobile and Link the Survey in Mobile SiteSurvey Run:1 (3 classes)</span>
              </li>
              <li>
                <span class="test-name">Create Survey in Salesforce LIS_FULL, then Answer in VbMobile (3 classes)</span>
              </li>
              <li>
                <span class="test-name">Create Survey in Salesforce LIS_Budget, then Answer in VbMobile (3 classes)</span>
              </li>
            </ul>
          </div> <!-- main-panel-content rounded-window-bottom -->
        </div> <!-- panel -->
        <div panel-name="group-Mobile_Site_Survey_End-to-End_Test" class="panel">
          <div class="main-panel-header rounded-window-top">
            <span class="header-content">Groups for Mobile Site Survey End-to-End Test</span>
          </div> <!-- main-panel-header rounded-window-top -->
          <div class="main-panel-content rounded-window-bottom">
            <div class="test-group">
              <span class="test-group-name">linkSurveytoSalesforce</span>
              <br/>
              <div class="method-in-group">
                <span class="method-in-group-name">loginSalesForce</span>
                <br/>
              </div> <!-- method-in-group -->
            </div> <!-- test-group -->
            <div class="test-group">
              <span class="test-group-name">linkSurveytoSitefromSalesforce</span>
              <br/>
              <div class="method-in-group">
                <span class="method-in-group-name">loginSiteSurvey</span>
                <br/>
              </div> <!-- method-in-group -->
            </div> <!-- test-group -->
            <div class="test-group">
              <span class="test-group-name">login_salesforce</span>
              <br/>
              <div class="method-in-group">
                <span class="method-in-group-name">loginSalesForce</span>
                <br/>
              </div> <!-- method-in-group -->
            </div> <!-- test-group -->
            <div class="test-group">
              <span class="test-group-name">vbmobie_login</span>
              <br/>
              <div class="method-in-group">
                <span class="method-in-group-name">loginTest</span>
                <br/>
              </div> <!-- method-in-group -->
            </div> <!-- test-group -->
            <div class="test-group">
              <span class="test-group-name">vbmobie_survey</span>
              <br/>
              <div class="method-in-group">
                <span class="method-in-group-name">answerSurveyTest</span>
                <br/>
              </div> <!-- method-in-group -->
            </div> <!-- test-group -->
            <div class="test-group">
              <span class="test-group-name">vbmobie_surveytolink</span>
              <br/>
              <div class="method-in-group">
                <span class="method-in-group-name">answerSurveyTest</span>
                <br/>
              </div> <!-- method-in-group -->
            </div> <!-- test-group -->
            <div class="test-group">
              <span class="test-group-name">web</span>
              <br/>
              <div class="method-in-group">
                <span class="method-in-group-name">loginSalesForce</span>
                <br/>
              </div> <!-- method-in-group -->
              <div class="method-in-group">
                <span class="method-in-group-name">loginSiteSurvey</span>
                <br/>
              </div> <!-- method-in-group -->
            </div> <!-- test-group -->
          </div> <!-- main-panel-content rounded-window-bottom -->
        </div> <!-- panel -->
        <div panel-name="times-Mobile_Site_Survey_End-to-End_Test" class="panel">
          <div class="main-panel-header rounded-window-top">
            <span class="header-content">Times for Mobile Site Survey End-to-End Test</span>
          </div> <!-- main-panel-header rounded-window-top -->
          <div class="main-panel-content rounded-window-bottom">
            <div class="times-div">
              <script type="text/javascript">
suiteTableInitFunctions.push('tableData_Mobile_Site_Survey_End-to-End_Test');
function tableData_Mobile_Site_Survey_End-to-End_Test() {
var data = new google.visualization.DataTable();
data.addColumn('number', 'Number');
data.addColumn('string', 'Method');
data.addColumn('string', 'Class');
data.addColumn('number', 'Time (ms)');
data.addRows(16);
data.setCell(0, 0, 0)
data.setCell(0, 1, 'loginSalesForce')
data.setCell(0, 2, 'com.kone.app.tests.testcases.salesforce.SalesforceAuthenticationTests')
data.setCell(0, 3, 0);
data.setCell(1, 0, 1)
data.setCell(1, 1, 'answerSurveyTest')
data.setCell(1, 2, 'com.kone.app.tests.testcases.vbmobile.VbmobileSurveyTests')
data.setCell(1, 3, 0);
data.setCell(2, 0, 2)
data.setCell(2, 1, 'loginTest')
data.setCell(2, 2, 'com.kone.app.tests.testcases.vbmobile.VbmobileAuthenticationTests')
data.setCell(2, 3, 0);
data.setCell(3, 0, 3)
data.setCell(3, 1, 'loginTest')
data.setCell(3, 2, 'com.kone.app.tests.testcases.vbmobile.VbmobileAuthenticationTests')
data.setCell(3, 3, 0);
data.setCell(4, 0, 4)
data.setCell(4, 1, 'answerSurveyTest')
data.setCell(4, 2, 'com.kone.app.tests.testcases.vbmobile.VbmobileSurveyTests')
data.setCell(4, 3, 0);
data.setCell(5, 0, 5)
data.setCell(5, 1, 'loginSalesForce')
data.setCell(5, 2, 'com.kone.app.tests.testcases.salesforce.SalesforceAuthenticationTests')
data.setCell(5, 3, 0);
data.setCell(6, 0, 6)
data.setCell(6, 1, 'loginSiteSurvey')
data.setCell(6, 2, 'com.kone.app.tests.testcases.salesforce.SalesforceSurveytoLinkOpportunity')
data.setCell(6, 3, 0);
data.setCell(7, 0, 7)
data.setCell(7, 1, 'answerSurveyTest')
data.setCell(7, 2, 'com.kone.app.tests.testcases.vbmobile.VbmobileSurveytoLinkOpportunity')
data.setCell(7, 3, 0);
data.setCell(8, 0, 8)
data.setCell(8, 1, 'loginSalesForce')
data.setCell(8, 2, 'com.kone.app.tests.testcases.salesforce.SalesforceSurveytoLinkOpportunity')
data.setCell(8, 3, 0);
data.setCell(9, 0, 9)
data.setCell(9, 1, 'loginTest')
data.setCell(9, 2, 'com.kone.app.tests.testcases.vbmobile.VbmobileAuthenticationTests')
data.setCell(9, 3, 0);
data.setCell(10, 0, 10)
data.setCell(10, 1, 'loginSalesForce')
data.setCell(10, 2, 'com.kone.app.tests.testcases.salesforce.SalesforceAuthenticationTests')
data.setCell(10, 3, 0);
data.setCell(11, 0, 11)
data.setCell(11, 1, 'loginTest')
data.setCell(11, 2, 'com.kone.app.tests.testcases.vbmobile.VbmobileAuthenticationTests')
data.setCell(11, 3, 0);
data.setCell(12, 0, 12)
data.setCell(12, 1, 'answerSurveyTest')
data.setCell(12, 2, 'com.kone.app.tests.testcases.vbmobile.VbmobileSurveyTests')
data.setCell(12, 3, 0);
data.setCell(13, 0, 13)
data.setCell(13, 1, 'loginTest')
data.setCell(13, 2, 'com.kone.app.tests.testcases.vbmobile.VbmobileAuthenticationTests')
data.setCell(13, 3, 0);
data.setCell(14, 0, 14)
data.setCell(14, 1, 'answerSurveyTest')
data.setCell(14, 2, 'com.kone.app.tests.testcases.vbmobile.VbmobileSurveyTests')
data.setCell(14, 3, 0);
data.setCell(15, 0, 15)
data.setCell(15, 1, 'loginSalesForce')
data.setCell(15, 2, 'com.kone.app.tests.testcases.salesforce.SalesforceAuthenticationTests')
data.setCell(15, 3, 0);
window.suiteTableData['Mobile_Site_Survey_End-to-End_Test']= { tableData: data, tableDiv: 'times-div-Mobile_Site_Survey_End-to-End_Test'}
return data;
}
              </script>
              <span class="suite-total-time">Total running time: 0 ms</span>
              <div id="times-div-Mobile_Site_Survey_End-to-End_Test">
              </div> <!-- times-div-Mobile_Site_Survey_End-to-End_Test -->
            </div> <!-- times-div -->
          </div> <!-- main-panel-content rounded-window-bottom -->
        </div> <!-- panel -->
        <div panel-name="reporter-Mobile_Site_Survey_End-to-End_Test" class="panel">
          <div class="main-panel-header rounded-window-top">
            <span class="header-content">Reporter output for Mobile Site Survey End-to-End Test</span>
          </div> <!-- main-panel-header rounded-window-top -->
          <div class="main-panel-content rounded-window-bottom">
          </div> <!-- main-panel-content rounded-window-bottom -->
        </div> <!-- panel -->
        <div panel-name="ignored-methods-Mobile_Site_Survey_End-to-End_Test" class="panel">
          <div class="main-panel-header rounded-window-top">
            <span class="header-content">15 ignored methods</span>
          </div> <!-- main-panel-header rounded-window-top -->
          <div class="main-panel-content rounded-window-bottom">
            <div class="ignored-class-div">
              <span class="ignored-class-name">com.kone.app.tests.testcases.vbmobile.VbmobileSurveytoLinkOpportunity</span>
              <div class="ignored-methods-div">
                <span class="ignored-method-name">getDriver</span>
                <br/>
                <span class="ignored-method-name">logoutApplication</span>
                <br/>
                <span class="ignored-method-name">stopApiumServer</span>
                <br/>
              </div> <!-- ignored-methods-div -->
            </div> <!-- ignored-class-div -->
            <div class="ignored-class-div">
              <span class="ignored-class-name">com.kone.app.tests.testcases.vbmobile.VbmobileSurveyTests</span>
              <div class="ignored-methods-div">
                <span class="ignored-method-name">getDriver</span>
                <br/>
                <span class="ignored-method-name">getDriver</span>
                <br/>
                <span class="ignored-method-name">getDriver</span>
                <br/>
                <span class="ignored-method-name">getDriver</span>
                <br/>
                <span class="ignored-method-name">logoutApplication</span>
                <br/>
                <span class="ignored-method-name">logoutApplication</span>
                <br/>
                <span class="ignored-method-name">logoutApplication</span>
                <br/>
                <span class="ignored-method-name">logoutApplication</span>
                <br/>
                <span class="ignored-method-name">stopApiumServer</span>
                <br/>
                <span class="ignored-method-name">stopApiumServer</span>
                <br/>
                <span class="ignored-method-name">stopApiumServer</span>
                <br/>
                <span class="ignored-method-name">stopApiumServer</span>
                <br/>
              </div> <!-- ignored-methods-div -->
            </div> <!-- ignored-class-div -->
          </div> <!-- main-panel-content rounded-window-bottom -->
        </div> <!-- panel -->
        <div panel-name="chronological-Mobile_Site_Survey_End-to-End_Test" class="panel">
          <div class="main-panel-header rounded-window-top">
            <span class="header-content">Methods in chronological order</span>
          </div> <!-- main-panel-header rounded-window-top -->
          <div class="main-panel-content rounded-window-bottom">
            <div class="chronological-class">
              <div class="chronological-class-name">com.kone.app.tests.testcases.salesforce.SalesforceAuthenticationTests</div> <!-- chronological-class-name -->
              <div class="configuration-suite before">
                <span class="method-name">getDriver</span>
                <span class="method-start">0 ms</span>
              </div> <!-- configuration-suite before -->
            </div> <!-- chronological-class -->
            <div class="chronological-class">
              <div class="chronological-class-name">com.kone.app.tests.testcases.vbmobile.VbmobileAuthenticationTests</div> <!-- chronological-class-name -->
              <div class="configuration-suite before">
                <img src="failed.png">
                </img>
                <span class="method-name">getDriver</span>
                <span class="method-start">49 ms</span>
              </div> <!-- configuration-suite before -->
            </div> <!-- chronological-class -->
            <div class="chronological-class">
              <div class="chronological-class-name">com.kone.app.tests.testcases.salesforce.SalesforceAuthenticationTests</div> <!-- chronological-class-name -->
              <div class="configuration-test after">
                <img src="failed.png">
                </img>
                <span class="method-name">logoutApplication</span>
                <span class="method-start">579 ms</span>
              </div> <!-- configuration-test after -->
            </div> <!-- chronological-class -->
            <div class="chronological-class">
              <div class="chronological-class-name">com.kone.app.tests.testcases.vbmobile.VbmobileAuthenticationTests</div> <!-- chronological-class-name -->
              <div class="configuration-test after">
                <img src="failed.png">
                </img>
                <span class="method-name">logoutApplication</span>
                <span class="method-start">660 ms</span>
              </div> <!-- configuration-test after -->
            </div> <!-- chronological-class -->
            <div class="chronological-class">
              <div class="chronological-class-name">com.kone.app.tests.testcases.salesforce.SalesforceAuthenticationTests</div> <!-- chronological-class-name -->
              <div class="configuration-test after">
                <img src="failed.png">
                </img>
                <span class="method-name">logoutApplication</span>
                <span class="method-start">1501 ms</span>
              </div> <!-- configuration-test after -->
            </div> <!-- chronological-class -->
            <div class="chronological-class">
              <div class="chronological-class-name">com.kone.app.tests.testcases.vbmobile.VbmobileAuthenticationTests</div> <!-- chronological-class-name -->
              <div class="configuration-test after">
                <img src="failed.png">
                </img>
                <span class="method-name">logoutApplication</span>
                <span class="method-start">1533 ms</span>
              </div> <!-- configuration-test after -->
            </div> <!-- chronological-class -->
            <div class="chronological-class">
              <div class="chronological-class-name">com.kone.app.tests.testcases.salesforce.SalesforceSurveytoLinkOpportunity</div> <!-- chronological-class-name -->
              <div class="configuration-test after">
                <img src="failed.png">
                </img>
                <span class="method-name">logoutApplication</span>
                <span class="method-start">1978 ms</span>
              </div> <!-- configuration-test after -->
            </div> <!-- chronological-class -->
            <div class="chronological-class">
              <div class="chronological-class-name">com.kone.app.tests.testcases.vbmobile.VbmobileAuthenticationTests</div> <!-- chronological-class-name -->
              <div class="configuration-test after">
                <img src="failed.png">
                </img>
                <span class="method-name">logoutApplication</span>
                <span class="method-start">2011 ms</span>
              </div> <!-- configuration-test after -->
            </div> <!-- chronological-class -->
            <div class="chronological-class">
              <div class="chronological-class-name">com.kone.app.tests.testcases.salesforce.SalesforceAuthenticationTests</div> <!-- chronological-class-name -->
              <div class="configuration-test after">
                <img src="failed.png">
                </img>
                <span class="method-name">logoutApplication</span>
                <span class="method-start">2971 ms</span>
              </div> <!-- configuration-test after -->
            </div> <!-- chronological-class -->
            <div class="chronological-class">
              <div class="chronological-class-name">com.kone.app.tests.testcases.vbmobile.VbmobileAuthenticationTests</div> <!-- chronological-class-name -->
              <div class="configuration-test after">
                <img src="failed.png">
                </img>
                <span class="method-name">logoutApplication</span>
                <span class="method-start">3000 ms</span>
              </div> <!-- configuration-test after -->
            </div> <!-- chronological-class -->
            <div class="chronological-class">
              <div class="chronological-class-name">com.kone.app.tests.testcases.salesforce.SalesforceAuthenticationTests</div> <!-- chronological-class-name -->
              <div class="configuration-test after">
                <img src="failed.png">
                </img>
                <span class="method-name">logoutApplication</span>
                <span class="method-start">3300 ms</span>
              </div> <!-- configuration-test after -->
            </div> <!-- chronological-class -->
            <div class="chronological-class">
              <div class="chronological-class-name">com.kone.app.tests.testcases.vbmobile.VbmobileAuthenticationTests</div> <!-- chronological-class-name -->
              <div class="configuration-test after">
                <img src="failed.png">
                </img>
                <span class="method-name">logoutApplication</span>
                <span class="method-start">3320 ms</span>
              </div> <!-- configuration-test after -->
            </div> <!-- chronological-class -->
            <div class="chronological-class">
              <div class="chronological-class-name">com.kone.app.tests.testcases.salesforce.SalesforceAuthenticationTests</div> <!-- chronological-class-name -->
              <div class="configuration-suite after">
                <span class="method-name">closeWebdriver</span>
                <span class="method-start">3603 ms</span>
              </div> <!-- configuration-suite after -->
            </div> <!-- chronological-class -->
            <div class="chronological-class">
              <div class="chronological-class-name">com.kone.app.tests.testcases.vbmobile.VbmobileAuthenticationTests</div> <!-- chronological-class-name -->
              <div class="configuration-suite after">
                <span class="method-name">stopApiumServer</span>
                <span class="method-start">3666 ms</span>
              </div> <!-- configuration-suite after -->
            </div> <!-- chronological-class -->
            <div class="chronological-class">
              <div class="chronological-class-name">com.kone.app.tests.testcases.salesforce.SalesforceAuthenticationTests</div> <!-- chronological-class-name -->
              <div class="test-method">
                <span class="method-name">loginSalesForce</span>
                <span class="method-start">-1533270221000 ms</span>
              </div> <!-- test-method -->
              <div class="test-method">
                <span class="method-name">loginSalesForce</span>
                <span class="method-start">-1533270221000 ms</span>
              </div> <!-- test-method -->
            </div> <!-- chronological-class -->
            <div class="chronological-class">
              <div class="chronological-class-name">com.kone.app.tests.testcases.vbmobile.VbmobileAuthenticationTests</div> <!-- chronological-class-name -->
              <div class="test-method">
                <span class="method-name">loginTest</span>
                <span class="method-start">-1533270221000 ms</span>
              </div> <!-- test-method -->
            </div> <!-- chronological-class -->
            <div class="chronological-class">
              <div class="chronological-class-name">com.kone.app.tests.testcases.salesforce.SalesforceAuthenticationTests</div> <!-- chronological-class-name -->
              <div class="test-method">
                <span class="method-name">loginSalesForce</span>
                <span class="method-start">-1533270221000 ms</span>
              </div> <!-- test-method -->
              <div class="test-method">
                <span class="method-name">loginSalesForce</span>
                <span class="method-start">-1533270221000 ms</span>
              </div> <!-- test-method -->
          </div> <!-- main-panel-content rounded-window-bottom -->
        </div> <!-- panel -->
      </div> <!-- main-panel-root -->
    </div> <!-- wrapper -->
  </body>
</html>
